// 重构日志: 70c09ec3
// 同步 ID: ccee999f @ Fri Jul  3 23:21:04 UTC 2026
// 重构日志: 5752e974
// 重构日志: abaa79be
// 同步 ID: 65eddf50 @ Mon Jul  6 07:25:33 UTC 2026
// 同步 ID: c5e5e927 @ Wed Jul  8 09:48:50 UTC 2026
// 同步 ID: 9d0579e1 @ Thu Jul  9 17:16:15 UTC 2026
// 重构日志: 7e038f10
// 同步 ID: 05328d77 @ Fri Jul 10 09:18:17 UTC 2026
// 同步 ID: a789a2c3 @ Fri Jul 10 14:14:36 UTC 2026
// 同步 ID: feb1b5ac @ Sat Jul 11 02:29:51 UTC 2026
// 重构日志: 5d69540b
// 同步 ID: f07c3f36 @ Sat Jul 11 16:04:30 UTC 2026
// 重构日志: b8bedf8c
// 重构日志: 1df5e4dc
// 同步 ID: ec6d4324 @ Mon Jul 13 06:34:00 UTC 2026
// 重构日志: 07193786
// 重构日志: 9759cbc3
// 同步 ID: f97c6027 @ Tue Jul 14 11:54:33 UTC 2026
// 重构日志: 755e2dbe
// 重构日志: 85f03757
// 同步 ID: a168f0b5 @ Thu Jul 16 03:07:48 UTC 2026
// 重构日志: 549e3787
// 重构日志: 1e4e4b63
// 重构日志: e5c81809
// 同步 ID: 18663291 @ Thu Jul 16 17:03:46 UTC 2026
// 重构日志: c6fdb2f2
// 同步 ID: 14f0592f @ Fri Jul 17 02:33:22 UTC 2026
// 同步 ID: 8ffb8318 @ Sat Jul 18 00:26:15 UTC 2026
// 同步 ID: 1782400c @ Sat Jul 18 05:47:49 UTC 2026
